V "4.8.8.0 Oct  6 2020"
R
C 3
= 0x56084705ed28
R
P 0x56084705ed28
S "model"
S "true"
C 5
R
P 0x56084705ed28
S "proof"
S "false"
C 5
R
P 0x56084705ed28
C 7
= 0x56084705ed98
R
P 0x56084705ed28
C 4
R
P 0x56084705ed98
U 2
C 350
R
P 0x56084705ed98
C 360
R
P 0x56084705ed98
I 42
C 29
R
P 0x56084705ed98
C 360
R
P 0x56084705ed98
S "mySymbol"
C 30
R
P 0x56084705ed98
C 360
R
P 0x56084705ed98
C 32
= 0x5608470693e8
R
P 0x56084705ed98
C 360
R
P 0x56084705ed98
P 0x5608470693e8
C 9
R
P 0x56084705ed98
C 33
= 0x5608470694a8
R
P 0x56084705ed98
C 360
R
P 0x56084705ed98
P 0x5608470694a8
C 9
R
P 0x56084705ed98
C 34
= 0x560847069488
R
P 0x56084705ed98
C 360
R
P 0x56084705ed98
P 0x560847069488
C 9
R
P 0x56084705ed98
C 33
= 0x5608470694a8
R
P 0x56084705ed98
C 360
R
P 0x56084705ed98
P 0x5608470694a8
C 9
R
P 0x56084705ed98
S "8000000000"
P 0x5608470694a8
C 152
= 0x560847069dc8
R
P 0x56084705ed98
C 360
R
P 0x56084705ed98
P 0x560847069dc8
C 9
R
P 0x56084705ed98
# 42
C 219
R
P 0x56084705ed98
C 360
R
P 0x56084705ed98
# 42
C 220
R
P 0x56084705ed98
C 360
R
P 0x56084705ed98
$ |mySymbol|
C 219
R
P 0x56084705ed98
C 360
R
P 0x56084705ed98
$ |mySymbol|
C 221
R
P 0x56084705ed98
C 360
R
P 0x56084705ed98
P 0x5608470693e8
C 351
R
P 0x56084705ed98
C 360
R
P 0x56084705ed98
P 0x5608470694a8
C 351
R
P 0x56084705ed98
C 360
R
P 0x56084705ed98
P 0x560847069488
C 351
R
P 0x56084705ed98
C 360
R
P 0x56084705ed98
P 0x560847069dc8
C 351
R
P 0x56084705ed98
C 360
R
P 0x56084705ed98
S "f"
C 30
R
P 0x56084705ed98
C 360
R
P 0x56084705ed98
S "x"
C 30
R
P 0x56084705ed98
C 360
R
P 0x56084705ed98
S "y"
C 30
R
P 0x56084705ed98
C 360
R
P 0x56084705ed98
C 32
= 0x5608470693e8
R
P 0x56084705ed98
C 360
R
P 0x56084705ed98
P 0x5608470693e8
C 9
R
P 0x56084705ed98
$ |f|
U 2
P 0x5608470693e8
P 0x5608470693e8
p 2
P 0x5608470693e8
C 49
= 0x56084706dae8
R
P 0x56084705ed98
C 360
R
P 0x56084705ed98
P 0x56084706dae8
C 9
R
P 0x56084705ed98
$ |y|
P 0x5608470693e8
C 51
= 0x560847069de8
R
P 0x56084705ed98
C 360
R
P 0x56084705ed98
P 0x560847069de8
C 9
R
P 0x56084705ed98
$ |x|
P 0x5608470693e8
C 51
= 0x560847069e08
R
P 0x56084705ed98
C 360
R
P 0x56084705ed98
P 0x560847069e08
C 9
R
P 0x56084705ed98
P 0x56084706dae8
U 2
P 0x560847069e08
P 0x560847069de8
p 2
C 50
= 0x56084706fa18
R
P 0x56084705ed98
C 360
R
P 0x56084705ed98
P 0x56084706fa18
C 9
R
P 0x56084705ed98
S "cp"
P 0x5608470693e8
C 53
= 0x560847069e28
R
P 0x56084705ed98
C 360
R
P 0x56084705ed98
P 0x560847069e28
C 9
R
P 0x56084705ed98
S "fp"
U 1
P 0x5608470693e8
p 1
P 0x5608470693e8
C 52
= 0x56084706fa50
R
P 0x56084705ed98
C 360
R
P 0x56084705ed98
P 0x56084706fa50
C 9
R
P 0x56084705ed98
P 0x56084706fa50
U 1
P 0x560847069e28
p 1
C 50
= 0x56084706b648
R
P 0x56084705ed98
C 360
R
P 0x56084705ed98
P 0x56084706b648
C 9
R
P 0x56084705ed98
P 0x56084706fa18
P 0x56084706fa18
C 58
= 0x56084706fa88
R
P 0x56084705ed98
C 360
R
P 0x56084705ed98
P 0x56084706fa88
C 9
R
P 0x56084705ed98
P 0x56084706fa18
P 0x56084706b648
C 58
= 0x56084706fac0
R
P 0x56084705ed98
C 360
R
P 0x56084705ed98
P 0x56084706fac0
C 9
R
P 0x56084705ed98
I 1
I 0
I 0
C 369
= 0x560847094968
R
P 0x56084705ed98
C 360
R
P 0x56084705ed98
P 0x560847094968
C 370
R
P 0x56084705ed98
P 0x560847094968
P 0x56084706fa88
C 373
R
P 0x56084705ed98
C 360
R
P 0x56084705ed98
P 0x560847094968
P 0x56084706fac0
C 373
R
P 0x56084705ed98
C 360
R
P 0x56084705ed98
P 0x560847094968
C 384
R
P 0x56084705ed98
C 360
R
P 0x56084705ed98
C 430
= 0x56084709ccd8
R
P 0x56084705ed98
C 360
R
P 0x56084705ed98
P 0x56084709ccd8
C 439
R
P 0x56084705ed98
P 0x560847094968
C 377
R
P 0x56084705ed98
C 360
R
P 0x56084705ed98
P 0x560847094968
U 0
C 378
= 0x56084706fa88
R
P 0x56084705ed98
C 360
R
P 0x56084705ed98
P 0x56084706fa88
C 9
R
P 0x56084705ed98
P 0x560847094968
U 1
C 378
= 0x56084706fac0
R
P 0x56084705ed98
C 360
R
P 0x56084705ed98
P 0x56084706fac0
C 9
R
P 0x56084705ed98
P 0x56084709ccd8
P 0x56084706fa88
C 446
R
P 0x56084705ed98
C 360
R
P 0x56084705ed98
P 0x56084709ccd8
P 0x56084706fac0
C 446
R
P 0x56084705ed98
C 360
R
P 0x56084705ed98
P 0x56084709ccd8
C 455
R
P 0x56084705ed98
C 360
R
P 0x56084705ed98
S "simplify"
C 386
= 0x560847117628
R
P 0x56084705ed98
C 360
R
P 0x56084705ed98
P 0x560847117628
C 387
R
P 0x56084705ed98
P 0x560847117628
P 0x560847094968
C 423
= 0x560847167ae8
R
P 0x56084705ed98
C 360
R
P 0x56084705ed98
P 0x560847167ae8
C 425
R
P 0x56084705ed98
P 0x560847167ae8
C 428
R
P 0x56084705ed98
C 360
R
P 0x56084705ed98
P 0x560847167ae8
U 0
C 429
= 0x5608470ef2a8
R
P 0x56084705ed98
C 360
R
P 0x56084705ed98
P 0x5608470ef2a8
C 370
R
P 0x56084705ed98
P 0x5608470ef2a8
C 380
R
P 0x56084705ed98
C 360
R
P 0x56084705ed98
P 0x560847167ae8
U 0
C 429
= 0x560847236b98
R
P 0x56084705ed98
C 360
R
P 0x56084705ed98
P 0x560847236b98
C 370
R
P 0x56084705ed98
P 0x560847236b98
C 381
R
P 0x56084705ed98
C 360
R
P 0x56084705ed98
S "smt"
C 386
= 0x560847236bc8
R
P 0x56084705ed98
C 360
R
P 0x56084705ed98
P 0x560847236bc8
C 387
R
P 0x56084705ed98
P 0x560847236bc8
P 0x560847094968
C 423
= 0x5608472cac88
R
P 0x56084705ed98
C 360
R
P 0x56084705ed98
P 0x5608472cac88
C 425
R
P 0x56084705ed98
P 0x5608472cac88
C 428
R
P 0x56084705ed98
C 360
R
P 0x56084705ed98
P 0x5608472cac88
U 0
C 429
= 0x5608473b2238
R
P 0x56084705ed98
C 360
R
P 0x56084705ed98
P 0x5608473b2238
C 370
R
P 0x56084705ed98
P 0x5608473b2238
C 380
R
P 0x56084705ed98
C 360
R
P 0x56084705ed98
U 32
C 35
= 0x5608470698e8
R
P 0x56084705ed98
C 360
R
P 0x56084705ed98
P 0x5608470698e8
C 9
R
P 0x56084705ed98
I 2
P 0x5608470698e8
C 154
= 0x56084706a068
R
P 0x56084705ed98
C 360
R
P 0x56084705ed98
P 0x56084706a068
C 9
R
P 0x56084705ed98
U 32
C 35
= 0x5608470698e8
R
P 0x56084705ed98
C 360
R
P 0x56084705ed98
P 0x5608470698e8
C 9
R
P 0x56084705ed98
I 1
P 0x5608470698e8
C 154
= 0x56084706a0c8
R
P 0x56084705ed98
C 360
R
P 0x56084705ed98
P 0x56084706a0c8
C 9
R
P 0x56084705ed98
P 0x56084706a0c8
P 0x56084706a068
C 58
= 0x56084706fb30
R
P 0x56084705ed98
C 360
R
P 0x56084705ed98
P 0x56084706fb30
C 9
R
P 0x56084705ed98
P 0x560847094968
P 0x56084706fb30
C 373
R
P 0x56084705ed98
C 360
R
P 0x56084705ed98
S "smt"
C 386
= 0x5608473b2328
R
P 0x56084705ed98
C 360
R
P 0x56084705ed98
P 0x5608473b2328
C 387
R
P 0x56084705ed98
P 0x5608473b2328
P 0x560847094968
C 423
= 0x5608473b2608
R
P 0x56084705ed98
C 360
R
P 0x56084705ed98
P 0x5608473b2608
C 425
R
P 0x56084705ed98
P 0x5608473b2608
C 428
R
P 0x56084705ed98
C 360
R
P 0x56084705ed98
P 0x5608473b2608
U 0
C 429
= 0x5608473af988
R
P 0x56084705ed98
C 360
R
P 0x56084705ed98
P 0x5608473af988
C 370
R
P 0x56084705ed98
P 0x5608473af988
C 381
R
P 0x56084705ed98
C 360
R
P 0x56084705ed98
I 1
I 1
I 0
C 369
= 0x560847360a68
R
P 0x56084705ed98
C 360
R
P 0x56084705ed98
P 0x560847360a68
C 370
R
P 0x56084705ed98
S "smt"
C 386
= 0x5608473afa78
R
P 0x56084705ed98
C 360
R
P 0x56084705ed98
P 0x5608473afa78
C 387
R
P 0x56084705ed98
P 0x5608473afa78
P 0x560847360a68
C 423
= 0x5608473affb8
R
P 0x56084705ed98
C 360
R
P 0x56084705ed98
P 0x5608473affb8
C 425
R
P 0x56084705ed98
P 0x5608473affb8
C 428
R
P 0x56084705ed98
C 360
R
P 0x56084705ed98
P 0x5608473affb8
U 0
C 429
= 0x560847319868
R
P 0x56084705ed98
C 360
R
P 0x56084705ed98
P 0x560847319868
C 370
R
P 0x56084705ed98
P 0x560847319868
C 380
R
P 0x56084705ed98
C 360
R
P 0x56084705ed98
I 1
I 1
I 0
C 369
= 0x560847183408
R
P 0x56084705ed98
C 360
R
P 0x56084705ed98
P 0x560847183408
C 370
R
P 0x56084705ed98
C 57
= 0x560847069468
R
P 0x56084705ed98
C 360
R
P 0x56084705ed98
P 0x560847069468
C 9
R
P 0x56084705ed98
P 0x560847183408
P 0x560847069468
C 373
R
P 0x56084705ed98
C 360
R
P 0x56084705ed98
S "smt"
C 386
= 0x5608473b3b48
R
P 0x56084705ed98
C 360
R
P 0x56084705ed98
P 0x5608473b3b48
C 387
R
P 0x56084705ed98
P 0x5608473b3b48
P 0x560847183408
C 423
= 0x5608473aafa8
R
P 0x56084705ed98
C 360
R
P 0x56084705ed98
P 0x5608473aafa8
C 425
R
P 0x56084705ed98
P 0x5608473aafa8
C 428
R
P 0x56084705ed98
C 360
R
P 0x56084705ed98
P 0x5608473aafa8
U 0
C 429
= 0x56084716c678
R
P 0x56084705ed98
C 360
R
P 0x56084705ed98
P 0x56084716c678
C 370
R
P 0x56084705ed98
P 0x56084716c678
C 381
R
P 0x56084705ed98
C 360
R
P 0x56084705ed98
I 1
I 1
I 0
C 369
= 0x56084716c768
R
P 0x56084705ed98
C 360
R
P 0x56084705ed98
P 0x56084716c768
C 370
R
P 0x56084705ed98
C 33
= 0x5608470694a8
R
P 0x56084705ed98
C 360
R
P 0x56084705ed98
P 0x5608470694a8
C 9
R
P 0x56084705ed98
S "x"
C 30
R
P 0x56084705ed98
C 360
R
P 0x56084705ed98
$ |x|
P 0x5608470694a8
C 51
= 0x56084706a0e8
R
P 0x56084705ed98
C 360
R
P 0x56084705ed98
P 0x56084706a0e8
C 9
R
P 0x56084705ed98
C 33
= 0x5608470694a8
R
P 0x56084705ed98
C 360
R
P 0x56084705ed98
P 0x5608470694a8
C 9
R
P 0x56084705ed98
S "y"
C 30
R
P 0x56084705ed98
C 360
R
P 0x56084705ed98
$ |y|
P 0x5608470694a8
C 51
= 0x56084706a108
R
P 0x56084705ed98
C 360
R
P 0x56084705ed98
P 0x56084706a108
C 9
R
P 0x56084705ed98
C 33
= 0x5608470694a8
R
P 0x56084705ed98
C 360
R
P 0x56084705ed98
P 0x5608470694a8
C 9
R
P 0x56084705ed98
I 1
P 0x5608470694a8
C 154
= 0x56084706a128
R
P 0x56084705ed98
C 360
R
P 0x56084705ed98
P 0x56084706a128
C 9
R
P 0x56084705ed98
P 0x56084706a0e8
P 0x56084706a128
C 58
= 0x56084706fb68
R
P 0x56084705ed98
C 360
R
P 0x56084705ed98
P 0x56084706fb68
C 9
R
P 0x56084705ed98
P 0x56084716c768
P 0x56084706fb68
C 373
R
P 0x56084705ed98
C 360
R
P 0x56084705ed98
C 33
= 0x5608470694a8
R
P 0x56084705ed98
C 360
R
P 0x56084705ed98
P 0x5608470694a8
C 9
R
P 0x56084705ed98
I 2
P 0x5608470694a8
C 154
= 0x56084706a148
R
P 0x56084705ed98
C 360
R
P 0x56084705ed98
P 0x56084706a148
C 9
R
P 0x56084705ed98
P 0x56084706a108
P 0x56084706a148
C 58
= 0x56084706fba0
R
P 0x56084705ed98
C 360
R
P 0x56084705ed98
P 0x56084706fba0
C 9
R
P 0x56084705ed98
P 0x56084716c768
P 0x56084706fba0
C 373
R
P 0x56084705ed98
C 360
R
P 0x56084705ed98
P 0x56084706a0e8
P 0x56084706a108
C 58
= 0x56084706fbd8
R
P 0x56084705ed98
C 360
R
P 0x56084705ed98
P 0x56084706fbd8
C 9
R
P 0x56084705ed98
P 0x56084716c768
P 0x56084706fbd8
C 373
R
P 0x56084705ed98
C 360
R
P 0x56084705ed98
S "smt"
C 386
= 0x5608473b7938
R
P 0x56084705ed98
C 360
R
P 0x56084705ed98
P 0x5608473b7938
C 387
R
P 0x56084705ed98
P 0x5608473b7938
P 0x56084716c768
C 423
= 0x5608471684b8
R
P 0x56084705ed98
C 360
R
P 0x56084705ed98
P 0x5608471684b8
C 425
R
P 0x56084705ed98
P 0x5608471684b8
C 428
R
P 0x56084705ed98
C 360
R
P 0x56084705ed98
P 0x5608471684b8
U 0
C 429
= 0x5608473b3398
R
P 0x56084705ed98
C 360
R
P 0x56084705ed98
P 0x5608473b3398
C 370
R
P 0x56084705ed98
P 0x5608473b3398
C 381
R
P 0x56084705ed98
C 360
R
P 0x56084705ed98
C 34
= 0x560847069488
R
P 0x56084705ed98
C 360
R
P 0x56084705ed98
P 0x560847069488
C 9
R
P 0x56084705ed98
S "x"
C 30
R
P 0x56084705ed98
C 360
R
P 0x56084705ed98
$ |x|
P 0x560847069488
C 51
= 0x56084706a1e8
R
P 0x56084705ed98
C 360
R
P 0x56084705ed98
P 0x56084706a1e8
C 9
R
P 0x56084705ed98
C 34
= 0x560847069488
R
P 0x56084705ed98
C 360
R
P 0x56084705ed98
P 0x560847069488
C 9
R
P 0x56084705ed98
S "y"
C 30
R
P 0x56084705ed98
C 360
R
P 0x56084705ed98
$ |y|
P 0x560847069488
C 51
= 0x56084706a208
R
P 0x56084705ed98
C 360
R
P 0x56084705ed98
P 0x56084706a208
C 9
R
P 0x56084705ed98
I 1
I 0
I 0
C 369
= 0x5608473b3518
R
P 0x56084705ed98
C 360
R
P 0x56084705ed98
P 0x5608473b3518
C 370
R
P 0x56084705ed98
I 10
I 1
C 153
= 0x56084706a228
R
P 0x56084705ed98
C 360
R
P 0x56084705ed98
P 0x56084706a228
C 9
R
P 0x56084705ed98
P 0x56084706a1e8
P 0x56084706a228
C 77
= 0x56084706fc10
R
P 0x56084705ed98
C 360
R
P 0x56084705ed98
P 0x56084706fc10
C 9
R
P 0x56084705ed98
P 0x5608473b3518
P 0x56084706fc10
C 373
R
P 0x56084705ed98
C 360
R
P 0x56084705ed98
I 1
I 1
C 153
= 0x56084706a248
R
P 0x56084705ed98
C 360
R
P 0x56084705ed98
P 0x56084706a248
C 9
R
P 0x56084705ed98
U 2
P 0x56084706a1e8
P 0x56084706a248
p 2
C 67
= 0x56084706fc48
R
P 0x56084705ed98
C 360
R
P 0x56084705ed98
P 0x56084706fc48
C 9
R
P 0x56084705ed98
P 0x56084706a208
P 0x56084706fc48
C 58
= 0x56084706fc80
R
P 0x56084705ed98
C 360
R
P 0x56084705ed98
P 0x56084706fc80
C 9
R
P 0x56084705ed98
P 0x5608473b3518
P 0x56084706fc80
C 373
R
P 0x56084705ed98
C 360
R
P 0x56084705ed98
I 1
I 1
C 153
= 0x56084706a248
R
P 0x56084705ed98
C 360
R
P 0x56084705ed98
P 0x56084706a248
C 9
R
P 0x56084705ed98
P 0x56084706a208
P 0x56084706a248
C 77
= 0x56084706fcb8
R
P 0x56084705ed98
C 360
R
P 0x56084705ed98
P 0x56084706fcb8
C 9
R
P 0x56084705ed98
P 0x5608473b3518
P 0x56084706fcb8
C 373
R
P 0x56084705ed98
C 360
R
P 0x56084705ed98
S "simplify"
C 386
= 0x5608470eec98
R
P 0x56084705ed98
C 360
R
P 0x56084705ed98
P 0x5608470eec98
C 387
R
P 0x56084705ed98
P 0x5608470eec98
P 0x5608473b3518
C 423
= 0x56084739eb18
R
P 0x56084705ed98
C 360
R
P 0x56084705ed98
P 0x56084739eb18
C 425
R
P 0x56084705ed98
P 0x56084739eb18
C 428
R
P 0x56084705ed98
C 360
R
P 0x56084705ed98
P 0x56084739eb18
U 0
C 429
= 0x5608473b7f28
R
P 0x56084705ed98
C 360
R
P 0x56084705ed98
P 0x5608473b7f28
C 370
R
P 0x56084705ed98
P 0x5608473b7f28
C 380
R
P 0x56084705ed98
C 360
R
P 0x56084705ed98
P 0x56084739eb18
U 0
C 429
= 0x5608473531d8
R
P 0x56084705ed98
C 360
R
P 0x56084705ed98
P 0x5608473531d8
C 370
R
P 0x56084705ed98
P 0x5608473531d8
C 381
R
P 0x56084705ed98
C 360
R
P 0x56084705ed98
S "solve-eqs"
C 386
= 0x5608473b2528
R
P 0x56084705ed98
C 360
R
P 0x56084705ed98
P 0x5608473b2528
C 387
R
P 0x56084705ed98
S "simplify"
C 386
= 0x5608473af908
R
P 0x56084705ed98
C 360
R
P 0x56084705ed98
P 0x5608473af908
C 387
R
P 0x56084705ed98
P 0x5608473af908
P 0x5608473b2528
C 392
= 0x5608473af938
R
P 0x56084705ed98
C 360
R
P 0x56084705ed98
P 0x5608473af938
C 387
R
P 0x56084705ed98
P 0x5608473af938
P 0x5608473b3518
C 423
= 0x5608473b26d8
R
P 0x56084705ed98
C 360
R
P 0x56084705ed98
P 0x5608473b26d8
C 425
R
P 0x56084705ed98
P 0x5608473b26d8
C 428
R
P 0x56084705ed98
C 360
R
P 0x56084705ed98
P 0x5608473b26d8
U 0
C 429
= 0x5608473b7c98
R
P 0x56084705ed98
C 360
R
P 0x56084705ed98
P 0x5608473b7c98
C 370
R
P 0x56084705ed98
P 0x5608473b7c98
C 380
R
P 0x56084705ed98
C 360
R
P 0x56084705ed98
P 0x5608473b26d8
U 0
C 429
= 0x5608471686d8
R
P 0x56084705ed98
C 360
R
P 0x56084705ed98
P 0x5608471686d8
C 370
R
P 0x56084705ed98
P 0x5608471686d8
C 381
R
P 0x56084705ed98
C 360
R
P 0x56084705ed98
C 430
= 0x5608473aaf28
R
P 0x56084705ed98
C 360
R
P 0x56084705ed98
P 0x5608473aaf28
C 439
R
P 0x56084705ed98
P 0x5608473b26d8
U 0
C 429
= 0x5608473b7c38
R
P 0x56084705ed98
C 360
R
P 0x56084705ed98
P 0x5608473b7c38
C 370
R
P 0x56084705ed98
P 0x5608473b7c38
C 377
R
P 0x56084705ed98
C 360
R
P 0x56084705ed98
P 0x5608473b7c38
U 0
C 378
= 0x56084706b8e8
R
P 0x56084705ed98
C 360
R
P 0x56084705ed98
P 0x56084706b8e8
C 9
R
P 0x56084705ed98
P 0x5608473b7c38
U 1
C 378
= 0x56084706b978
R
P 0x56084705ed98
C 360
R
P 0x56084705ed98
P 0x56084706b978
C 9
R
P 0x56084705ed98
P 0x5608473aaf28
P 0x56084706b8e8
C 446
R
P 0x56084705ed98
C 360
R
P 0x56084705ed98
P 0x5608473aaf28
P 0x56084706b978
C 446
R
P 0x56084705ed98
C 360
R
P 0x56084705ed98
P 0x5608473aaf28
C 455
R
P 0x56084705ed98
C 360
R
P 0x56084705ed98
P 0x5608473aaf28
C 460
= 0x5608475cbfe8
R
P 0x56084705ed98
C 360
R
P 0x56084705ed98
P 0x5608475cbfe8
C 318
R
P 0x56084705ed98
P 0x5608475cbfe8
C 355
R
P 0x56084705ed98
C 360
R
P 0x56084705ed98
I 42
I 43
C 153
= 0x56084706a2e8
R
P 0x56084705ed98
C 360
R
P 0x56084705ed98
P 0x56084706a2e8
C 9
R
P 0x56084705ed98
P 0x56084706a2e8
C 283
= 0x56084706a308
R
P 0x56084705ed98
C 360
R
P 0x56084705ed98
P 0x56084706a308
C 9
R
P 0x56084705ed98
P 0x56084706a2e8
C 284
= 0x56084706a328
R
P 0x56084705ed98
C 360
R
P 0x56084705ed98
P 0x56084706a328
C 9
R
P 0x56084705ed98
P 0x56084706a328
C 280
R
P 0x56084705ed98
C 360
R
P 0x56084705ed98
P 0x56084706a308
C 280
R
P 0x56084705ed98
C 360
R
P 0x56084705ed98
P 0x56084706a308
C 280
R
P 0x56084705ed98
C 360
R
P 0x56084705ed98
P 0x56084706a328
C 280
R
P 0x56084705ed98
C 360
R
P 0x56084705ed98
P 0x56084706a2e8
U 3
C 281
R
P 0x56084705ed98
C 360
R
P 0x56084705ed98
C 34
= 0x560847069488
R
P 0x56084705ed98
C 360
R
P 0x56084705ed98
P 0x560847069488
C 9
R
P 0x56084705ed98
S "-1231231232/234234333"
P 0x560847069488
C 152
= 0x56084706a348
R
P 0x56084705ed98
C 360
R
P 0x56084705ed98
P 0x56084706a348
C 9
R
P 0x56084705ed98
P 0x56084706a348
U 5
C 281
R
P 0x56084705ed98
C 360
R
P 0x56084705ed98
C 34
= 0x560847069488
R
P 0x56084705ed98
C 360
R
P 0x56084705ed98
P 0x560847069488
C 9
R
P 0x56084705ed98
S "-123123234234234234231232/234234333"
P 0x560847069488
C 152
= 0x56084706a368
R
P 0x56084705ed98
C 360
R
P 0x56084705ed98
P 0x56084706a368
C 9
R
P 0x56084705ed98
P 0x56084706a368
U 5
C 281
R
P 0x56084705ed98
C 360
R
P 0x56084705ed98
C 34
= 0x560847069488
R
P 0x56084705ed98
C 360
R
P 0x56084705ed98
P 0x560847069488
C 9
R
P 0x56084705ed98
S "-234234333"
P 0x560847069488
C 152
= 0x56084706a388
R
P 0x56084705ed98
C 360
R
P 0x56084705ed98
P 0x56084706a388
C 9
R
P 0x56084705ed98
P 0x56084706a388
U 5
C 281
R
P 0x56084705ed98
C 360
R
P 0x56084705ed98
C 34
= 0x560847069488
R
P 0x56084705ed98
C 360
R
P 0x56084705ed98
P 0x560847069488
C 9
R
P 0x56084705ed98
S "234234333/2"
P 0x560847069488
C 152
= 0x56084706a3a8
R
P 0x56084705ed98
C 360
R
P 0x56084705ed98
P 0x56084706a3a8
C 9
R
P 0x56084705ed98
P 0x56084706a3a8
U 5
C 281
R
P 0x56084705ed98
C 360
R
P 0x56084705ed98
C 33
= 0x5608470694a8
R
P 0x56084705ed98
C 360
R
P 0x56084705ed98
P 0x5608470694a8
C 9
R
P 0x56084705ed98
S "1/2"
P 0x5608470694a8
C 152
R
P 0x56084705ed98
C 360
R
P 0x56084705ed98
U 12
C 362
R
P 0x56084705ed98
C 33
= 0x5608470694a8
R
P 0x56084705ed98
C 360
R
P 0x56084705ed98
P 0x5608470694a8
C 9
R
P 0x56084705ed98
S "x_2"
C 30
R
P 0x56084705ed98
C 360
R
P 0x56084705ed98
S "x_1"
C 30
R
P 0x56084705ed98
C 360
R
P 0x56084705ed98
S "x_0"
C 30
R
P 0x56084705ed98
C 360
R
P 0x56084705ed98
U 2
P 0x5608470694a8
C 208
= 0x56084706a3c8
R
P 0x56084705ed98
C 360
R
P 0x56084705ed98
P 0x56084706a3c8
C 9
R
P 0x56084705ed98
U 2
P 0x5608470694a8
C 208
= 0x56084706a3c8
R
P 0x56084705ed98
C 360
R
P 0x56084705ed98
P 0x56084706a3c8
C 9
R
P 0x56084705ed98
U 2
P 0x5608470694a8
C 208
= 0x56084706a3c8
R
P 0x56084705ed98
C 360
R
P 0x56084705ed98
P 0x56084706a3c8
C 9
R
P 0x56084705ed98
C 33
= 0x5608470694a8
R
P 0x56084705ed98
C 360
R
P 0x56084705ed98
P 0x5608470694a8
C 9
R
P 0x56084705ed98
$ |x_2|
P 0x5608470694a8
C 51
= 0x56084706a3e8
R
P 0x56084705ed98
C 360
R
P 0x56084705ed98
P 0x56084706a3e8
C 9
R
P 0x56084705ed98
C 33
= 0x5608470694a8
R
P 0x56084705ed98
C 360
R
P 0x56084705ed98
P 0x5608470694a8
C 9
R
P 0x56084705ed98
$ |x_1|
P 0x5608470694a8
C 51
= 0x56084706a408
R
P 0x56084705ed98
C 360
R
P 0x56084705ed98
P 0x56084706a408
C 9
R
P 0x56084705ed98
C 33
= 0x5608470694a8
R
P 0x56084705ed98
C 360
R
P 0x56084705ed98
P 0x5608470694a8
C 9
R
P 0x56084705ed98
$ |x_0|
P 0x5608470694a8
C 51
= 0x56084706a428
R
P 0x56084705ed98
C 360
R
P 0x56084705ed98
P 0x56084706a428
C 9
R
P 0x56084705ed98
C 33
= 0x5608470694a8
R
P 0x56084705ed98
C 360
R
P 0x56084705ed98
P 0x5608470694a8
C 9
R
P 0x56084705ed98
I 3
P 0x5608470694a8
C 154
= 0x56084706a448
R
P 0x56084705ed98
C 360
R
P 0x56084705ed98
P 0x56084706a448
C 9
R
P 0x56084705ed98
U 2
P 0x56084706a3c8
P 0x56084706a448
p 2
C 67
= 0x56084706fe08
R
P 0x56084705ed98
C 360
R
P 0x56084705ed98
P 0x56084706fe08
C 9
R
P 0x56084705ed98
C 33
= 0x5608470694a8
R
P 0x56084705ed98
C 360
R
P 0x56084705ed98
P 0x5608470694a8
C 9
R
P 0x56084705ed98
I 2
P 0x5608470694a8
C 154
= 0x56084706a148
R
P 0x56084705ed98
C 360
R
P 0x56084705ed98
P 0x56084706a148
C 9
R
P 0x56084705ed98
U 2
P 0x56084706a3c8
P 0x56084706a148
p 2
C 67
= 0x56084706fe40
R
P 0x56084705ed98
C 360
R
P 0x56084705ed98
P 0x56084706fe40
C 9
R
P 0x56084705ed98
P 0x56084706fe40
P 0x56084706fe08
C 58
= 0x56084706fe78
R
P 0x56084705ed98
C 360
R
P 0x56084705ed98
P 0x56084706fe78
C 9
R
P 0x56084705ed98
C 33
= 0x5608470694a8
R
P 0x56084705ed98
C 360
R
P 0x56084705ed98
P 0x5608470694a8
C 9
R
P 0x56084705ed98
I 2
P 0x5608470694a8
C 154
= 0x56084706a148
R
P 0x56084705ed98
C 360
R
P 0x56084705ed98
P 0x56084706a148
C 9
R
P 0x56084705ed98
C 33
= 0x5608470694a8
R
P 0x56084705ed98
C 360
R
P 0x56084705ed98
P 0x5608470694a8
C 9
R
P 0x56084705ed98
I 1
P 0x5608470694a8
C 154
= 0x56084706a128
R
P 0x56084705ed98
C 360
R
P 0x56084705ed98
P 0x56084706a128
C 9
R
P 0x56084705ed98
U 2
P 0x56084706a3c8
P 0x56084706a128
p 2
C 67
= 0x56084706feb0
R
P 0x56084705ed98
C 360
R
P 0x56084705ed98
P 0x56084706feb0
C 9
R
P 0x56084705ed98
P 0x56084706feb0
P 0x56084706a148
C 58
= 0x56084706fee8
R
P 0x56084705ed98
C 360
R
P 0x56084705ed98
P 0x56084706fee8
C 9
R
P 0x56084705ed98
U 2
P 0x56084706fee8
P 0x56084706fe78
p 2
C 65
= 0x56084706ff20
R
P 0x56084705ed98
C 360
R
P 0x56084705ed98
P 0x56084706ff20
C 9
R
P 0x56084705ed98
C 33
= 0x5608470694a8
R
P 0x56084705ed98
C 360
R
P 0x56084705ed98
P 0x5608470694a8
C 9
R
P 0x56084705ed98
I 3
P 0x5608470694a8
C 154
= 0x56084706a448
R
P 0x56084705ed98
C 360
R
P 0x56084705ed98
P 0x56084706a448
C 9
R
P 0x56084705ed98
U 2
P 0x56084706a3e8
P 0x56084706a448
p 2
C 67
= 0x56084706ff58
R
P 0x56084705ed98
C 360
R
P 0x56084705ed98
P 0x56084706ff58
C 9
R
P 0x56084705ed98
C 33
= 0x5608470694a8
R
P 0x56084705ed98
C 360
R
P 0x56084705ed98
P 0x5608470694a8
C 9
R
P 0x56084705ed98
I 2
P 0x5608470694a8
C 154
= 0x56084706a148
R
P 0x56084705ed98
C 360
R
P 0x56084705ed98
P 0x56084706a148
C 9
R
P 0x56084705ed98
U 2
P 0x56084706a408
P 0x56084706a148
p 2
C 67
= 0x56084706ff90
R
P 0x56084705ed98
C 360
R
P 0x56084705ed98
P 0x56084706ff90
C 9
R
P 0x56084705ed98
P 0x56084706ff90
P 0x56084706ff58
C 58
= 0x56084706ffc8
R
P 0x56084705ed98
C 360
R
P 0x56084705ed98
P 0x56084706ffc8
C 9
R
P 0x56084705ed98
C 33
= 0x5608470694a8
R
P 0x56084705ed98
C 360
R
P 0x56084705ed98
P 0x5608470694a8
C 9
R
P 0x56084705ed98
I 2
P 0x5608470694a8
C 154
= 0x56084706a148
R
P 0x56084705ed98
C 360
R
P 0x56084705ed98
P 0x56084706a148
C 9
R
P 0x56084705ed98
C 33
= 0x5608470694a8
R
P 0x56084705ed98
C 360
R
P 0x56084705ed98
P 0x5608470694a8
C 9
R
P 0x56084705ed98
I 1
P 0x5608470694a8
C 154
= 0x56084706a128
R
P 0x56084705ed98
C 360
R
P 0x56084705ed98
P 0x56084706a128
C 9
R
P 0x56084705ed98
U 2
P 0x56084706a428
P 0x56084706a128
p 2
C 67
= 0x560847070000
R
P 0x56084705ed98
C 360
R
P 0x56084705ed98
P 0x560847070000
C 9
R
P 0x56084705ed98
P 0x560847070000
P 0x56084706a148
C 58
= 0x560847070038
R
P 0x56084705ed98
C 360
R
P 0x56084705ed98
P 0x560847070038
C 9
R
P 0x56084705ed98
U 2
P 0x560847070038
P 0x56084706ffc8
p 2
C 65
= 0x560847070070
R
P 0x56084705ed98
C 360
R
P 0x56084705ed98
P 0x560847070070
C 9
R
P 0x56084705ed98
S "skid1"
C 30
R
P 0x56084705ed98
C 360
R
P 0x56084705ed98
S "Q1"
C 30
R
P 0x56084705ed98
C 360
R
P 0x56084705ed98
I 1
U 1
$ |Q1|
$ |skid1|
U 0
p 0
U 0
p 0
U 3
P 0x5608470694a8
P 0x5608470694a8
P 0x5608470694a8
p 3
$ |x_0|
$ |x_1|
$ |x_2|
s 3
P 0x56084706ff20
C 212
= 0x560847438da8
R
P 0x56084705ed98
C 360
R
P 0x56084705ed98
P 0x560847438da8
C 9
R
P 0x56084705ed98
P 0x560847438da8
C 351
R
P 0x56084705ed98
C 360
R
P 0x56084705ed98
P 0x560847438da8
C 351
R
P 0x56084705ed98
C 360
R
P 0x56084705ed98
S "skid2"
C 30
R
P 0x56084705ed98
C 360
R
P 0x56084705ed98
S "Q2"
C 30
R
P 0x56084705ed98
C 360
R
P 0x56084705ed98
I 1
U 1
$ |Q2|
$ |skid2|
U 3
P 0x56084706a428
P 0x56084706a408
P 0x56084706a3e8
p 3
U 0
p 0
U 0
p 0
P 0x560847070070
C 216
= 0x560847438e28
R
P 0x56084705ed98
C 360
R
P 0x56084705ed98
P 0x560847438e28
C 9
R
P 0x56084705ed98
P 0x560847438e28
C 351
R
P 0x56084705ed98
C 360
R
P 0x56084705ed98
P 0x560847438da8
C 274
R
P 0x56084705ed98
C 360
R
P 0x56084705ed98
P 0x560847438da8
C 274
R
P 0x56084705ed98
C 360
R
P 0x56084705ed98
P 0x560847438da8
C 274
R
P 0x56084705ed98
C 360
R
P 0x56084705ed98
U 11
U 53
C 606
= 0x56084706a4a8
R
P 0x56084705ed98
C 360
R
P 0x56084705ed98
P 0x56084706a4a8
C 9
R
P 0x56084705ed98
C 595
= 0x56084706a4c8
R
P 0x56084705ed98
C 360
R
P 0x56084705ed98
P 0x56084706a4c8
C 9
R
P 0x56084705ed98
S "rm"
C 30
R
P 0x56084705ed98
C 360
R
P 0x56084705ed98
$ |rm|
P 0x56084706a4c8
C 51
= 0x56084706a4e8
R
P 0x56084705ed98
C 360
R
P 0x56084705ed98
P 0x56084706a4e8
C 9
R
P 0x56084705ed98
S "x"
C 30
R
P 0x56084705ed98
C 360
R
P 0x56084705ed98
S "y"
C 30
R
P 0x56084705ed98
C 360
R
P 0x56084705ed98
$ |x|
P 0x56084706a4a8
C 51
= 0x56084706a508
R
P 0x56084705ed98
C 360
R
P 0x56084705ed98
P 0x56084706a508
C 9
R
P 0x56084705ed98
$ |y|
P 0x56084706a4a8
C 51
= 0x56084706a528
R
P 0x56084705ed98
C 360
R
P 0x56084705ed98
P 0x56084706a528
C 9
R
P 0x56084705ed98
D 42
P 0x56084706a4a8
C 620
= 0x56084706a548
R
P 0x56084705ed98
C 360
R
P 0x56084705ed98
P 0x56084706a548
C 9
R
P 0x56084705ed98
S "x_plus_y"
C 30
R
P 0x56084705ed98
C 360
R
P 0x56084705ed98
$ |x_plus_y|
P 0x56084706a4a8
C 51
= 0x56084706a568
R
P 0x56084705ed98
C 360
R
P 0x56084705ed98
P 0x56084706a568
C 9
R
P 0x56084705ed98
P 0x56084706a4e8
P 0x56084706a508
P 0x56084706a528
C 626
= 0x56084706dc28
R
P 0x56084705ed98
C 360
R
P 0x56084705ed98
P 0x56084706dc28
C 9
R
P 0x56084705ed98
P 0x56084706a568
P 0x56084706dc28
C 640
= 0x560847070188
R
P 0x56084705ed98
C 360
R
P 0x56084705ed98
P 0x560847070188
C 9
R
P 0x56084705ed98
P 0x56084706a568
P 0x56084706a548
C 640
= 0x5608470701c0
R
P 0x56084705ed98
C 360
R
P 0x56084705ed98
P 0x5608470701c0
C 9
R
P 0x56084705ed98
U 2
P 0x560847070188
P 0x5608470701c0
p 2
C 65
= 0x5608470701f8
R
P 0x56084705ed98
C 360
R
P 0x56084705ed98
P 0x5608470701f8
C 9
R
P 0x56084705ed98
C 605
= 0x56084706a588
R
P 0x56084705ed98
C 360
R
P 0x56084705ed98
P 0x56084706a588
C 9
R
P 0x56084705ed98
P 0x56084706a4e8
P 0x56084706a588
C 58
= 0x560847070230
R
P 0x56084705ed98
C 360
R
P 0x56084705ed98
P 0x560847070230
C 9
R
P 0x56084705ed98
P 0x560847070230
C 60
= 0x56084706bd08
R
P 0x56084705ed98
C 360
R
P 0x56084705ed98
P 0x56084706bd08
C 9
R
P 0x56084705ed98
U 2
P 0x5608470701f8
P 0x56084706bd08
p 2
C 65
= 0x560847070268
R
P 0x56084705ed98
C 360
R
P 0x56084705ed98
P 0x560847070268
C 9
R
P 0x56084705ed98
P 0x56084706a528
C 644
= 0x56084706bd38
R
P 0x56084705ed98
C 360
R
P 0x56084705ed98
P 0x56084706bd38
C 9
R
P 0x56084705ed98
P 0x56084706bd38
C 60
= 0x56084706bd68
R
P 0x56084705ed98
C 360
R
P 0x56084705ed98
P 0x56084706bd68
C 9
R
P 0x56084705ed98
P 0x56084706a528
C 645
= 0x56084706bd98
R
P 0x56084705ed98
C 360
R
P 0x56084705ed98
P 0x56084706bd98
C 9
R
P 0x56084705ed98
P 0x56084706bd98
C 60
= 0x56084706bdc8
R
P 0x56084705ed98
C 360
R
P 0x56084705ed98
P 0x56084706bdc8
C 9
R
P 0x56084705ed98
P 0x56084706a528
C 643
= 0x56084706bdf8
R
P 0x56084705ed98
C 360
R
P 0x56084705ed98
P 0x56084706bdf8
C 9
R
P 0x56084705ed98
P 0x56084706bdf8
C 60
= 0x56084706be28
R
P 0x56084705ed98
C 360
R
P 0x56084705ed98
P 0x56084706be28
C 9
R
P 0x56084705ed98
U 3
P 0x56084706be28
P 0x56084706bdc8
P 0x56084706bd68
p 3
C 65
= 0x56084706dce8
R
P 0x56084705ed98
C 360
R
P 0x56084705ed98
P 0x56084706dce8
C 9
R
P 0x56084705ed98
U 2
P 0x560847070268
P 0x56084706dce8
p 2
C 65
= 0x560847070348
R
P 0x56084705ed98
C 360
R
P 0x56084705ed98
P 0x560847070348
C 9
R
P 0x56084705ed98
P 0x560847070348
C 351
R
P 0x56084705ed98
C 360
R
P 0x56084705ed98
C 430
= 0x5608475d5118
R
P 0x56084705ed98
C 360
R
P 0x56084705ed98
P 0x5608475d5118
C 439
R
P 0x56084705ed98
P 0x5608475d5118
P 0x560847070348
C 446
R
P 0x56084705ed98
C 360
R
P 0x56084705ed98
P 0x5608475d5118
C 455
R
P 0x56084705ed98
C 360
R
P 0x56084705ed98
U 52
C 35
= 0x560847069b68
R
P 0x56084705ed98
C 360
R
P 0x56084705ed98
P 0x560847069b68
C 9
R
P 0x56084705ed98
S "3377699720527872"
P 0x560847069b68
C 152
= 0x56084706a648
R
P 0x56084705ed98
C 360
R
P 0x56084705ed98
P 0x56084706a648
C 9
R
P 0x56084705ed98
U 11
C 35
= 0x560847069648
R
P 0x56084705ed98
C 360
R
P 0x56084705ed98
P 0x560847069648
C 9
R
P 0x56084705ed98
S "1025"
P 0x560847069648
C 152
= 0x56084706a6a8
R
P 0x56084705ed98
C 360
R
P 0x56084705ed98
P 0x56084706a6a8
C 9
R
P 0x56084705ed98
U 1
C 35
= 0x560847069508
R
P 0x56084705ed98
C 360
R
P 0x56084705ed98
P 0x560847069508
C 9
R
P 0x56084705ed98
S "0"
P 0x560847069508
C 152
= 0x560847069e68
R
P 0x56084705ed98
C 360
R
P 0x56084705ed98
P 0x560847069e68
C 9
R
P 0x56084705ed98
P 0x560847069e68
P 0x56084706a6a8
P 0x56084706a648
C 618
= 0x56084706e4e8
R
P 0x56084705ed98
C 360
R
P 0x56084705ed98
P 0x56084706e4e8
C 9
R
P 0x56084705ed98
U 11
U 53
C 606
= 0x56084706a4a8
R
P 0x56084705ed98
C 360
R
P 0x56084705ed98
P 0x56084706a4a8
C 9
R
P 0x56084705ed98
U 64
C 35
= 0x560847069ce8
R
P 0x56084705ed98
C 360
R
P 0x56084705ed98
P 0x560847069ce8
C 9
R
P 0x56084705ed98
S "4619567317775286272"
P 0x560847069ce8
C 152
= 0x56084706a688
R
P 0x56084705ed98
C 360
R
P 0x56084705ed98
P 0x56084706a688
C 9
R
P 0x56084705ed98
P 0x56084706a688
P 0x56084706a4a8
C 648
= 0x56084706c1e8
R
P 0x56084705ed98
C 360
R
P 0x56084705ed98
P 0x56084706c1e8
C 9
R
P 0x56084705ed98
U 11
U 53
C 606
= 0x56084706a4a8
R
P 0x56084705ed98
C 360
R
P 0x56084705ed98
P 0x56084706a4a8
C 9
R
P 0x56084705ed98
C 34
= 0x560847069488
R
P 0x56084705ed98
C 360
R
P 0x56084705ed98
P 0x560847069488
C 9
R
P 0x56084705ed98
S "1.75"
P 0x560847069488
C 152
= 0x56084706a808
R
P 0x56084705ed98
C 360
R
P 0x56084705ed98
P 0x56084706a808
C 9
R
P 0x56084705ed98
C 33
= 0x5608470694a8
R
P 0x56084705ed98
C 360
R
P 0x56084705ed98
P 0x5608470694a8
C 9
R
P 0x56084705ed98
S "2"
P 0x5608470694a8
C 152
= 0x56084706a148
R
P 0x56084705ed98
C 360
R
P 0x56084705ed98
P 0x56084706a148
C 9
R
P 0x56084705ed98
C 605
= 0x56084706a588
R
P 0x56084705ed98
C 360
R
P 0x56084705ed98
P 0x56084706a588
C 9
R
P 0x56084705ed98
P 0x56084706a588
P 0x56084706a148
P 0x56084706a808
P 0x56084706a4a8
C 674
= 0x56084706e4a8
R
P 0x56084705ed98
C 360
R
P 0x56084705ed98
P 0x56084706e4a8
C 9
R
P 0x56084705ed98
U 11
U 53
C 606
= 0x56084706a4a8
R
P 0x56084705ed98
C 360
R
P 0x56084705ed98
P 0x56084706a4a8
C 9
R
P 0x56084705ed98
C 34
= 0x560847069488
R
P 0x56084705ed98
C 360
R
P 0x56084705ed98
P 0x560847069488
C 9
R
P 0x56084705ed98
S "7.0"
P 0x560847069488
C 152
= 0x56084706a6e8
R
P 0x56084705ed98
C 360
R
P 0x56084705ed98
P 0x56084706a6e8
C 9
R
P 0x56084705ed98
C 605
= 0x56084706a588
R
P 0x56084705ed98
C 360
R
P 0x56084705ed98
P 0x56084706a588
C 9
R
P 0x56084705ed98
P 0x56084706a588
P 0x56084706a6e8
P 0x56084706a4a8
C 650
= 0x560847070498
R
P 0x56084705ed98
C 360
R
P 0x56084705ed98
P 0x560847070498
C 9
R
P 0x56084705ed98
P 0x56084706e4e8
P 0x560847070498
C 640
= 0x5608470707e0
R
P 0x56084705ed98
C 360
R
P 0x56084705ed98
P 0x5608470707e0
C 9
R
P 0x56084705ed98
P 0x56084706e4e8
P 0x56084706e4a8
C 640
= 0x5608478d03d0
R
P 0x56084705ed98
C 360
R
P 0x56084705ed98
P 0x5608478d03d0
C 9
R
P 0x56084705ed98
P 0x56084706e4e8
P 0x56084706c1e8
C 640
= 0x560847070658
R
P 0x56084705ed98
C 360
R
P 0x56084705ed98
P 0x560847070658
C 9
R
P 0x56084705ed98
U 3
P 0x560847070658
P 0x5608478d03d0
P 0x5608470707e0
p 3
C 65
= 0x5608473a9578
R
P 0x56084705ed98
C 360
R
P 0x56084705ed98
P 0x5608473a9578
C 9
R
P 0x56084705ed98
P 0x5608473a9578
C 351
R
P 0x56084705ed98
C 360
R
P 0x56084705ed98
C 430
= 0x560847a94878
R
P 0x56084705ed98
C 360
R
P 0x56084705ed98
P 0x560847a94878
C 439
R
P 0x56084705ed98
P 0x560847a94878
P 0x5608473a9578
C 446
R
P 0x56084705ed98
C 360
R
P 0x56084705ed98
P 0x560847a94878
C 455
R
P 0x56084705ed98
C 360
R
P 0x56084705ed98
P 0x5608470693e8
C 10
R
P 0x56084705ed98
P 0x5608470694a8
C 10
R
P 0x56084705ed98
P 0x560847069488
C 10
R
P 0x56084705ed98
P 0x5608470694a8
C 10
R
P 0x56084705ed98
P 0x560847069dc8
C 10
R
P 0x56084705ed98
P 0x5608470693e8
C 10
R
P 0x56084705ed98
P 0x56084706dae8
C 10
R
P 0x56084705ed98
P 0x560847069de8
C 10
R
P 0x56084705ed98
P 0x560847069e08
C 10
R
P 0x56084705ed98
P 0x56084706fa18
C 10
R
P 0x56084705ed98
P 0x560847069e28
C 10
R
P 0x56084705ed98
P 0x56084706fa50
C 10
R
P 0x56084705ed98
P 0x56084706b648
C 10
R
P 0x56084705ed98
P 0x56084706fa88
C 10
R
P 0x56084705ed98
P 0x56084706fac0
C 10
R
P 0x56084705ed98
P 0x560847094968
C 371
R
P 0x56084705ed98
P 0x56084709ccd8
C 440
R
P 0x56084705ed98
P 0x56084706fa88
C 10
R
P 0x56084705ed98
P 0x56084706fac0
C 10
R
P 0x56084705ed98
P 0x560847117628
C 388
R
P 0x56084705ed98
P 0x560847167ae8
C 426
R
P 0x56084705ed98
P 0x5608470ef2a8
C 371
R
P 0x56084705ed98
P 0x560847236b98
C 371
R
P 0x56084705ed98
P 0x560847236bc8
C 388
R
P 0x56084705ed98
P 0x5608472cac88
C 426
R
P 0x56084705ed98
P 0x5608473b2238
C 371
R
P 0x56084705ed98
P 0x5608470698e8
C 10
R
P 0x56084705ed98
P 0x56084706a068
C 10
R
P 0x56084705ed98
P 0x5608470698e8
C 10
R
P 0x56084705ed98
P 0x56084706a0c8
C 10
R
P 0x56084705ed98
P 0x56084706fb30
C 10
R
P 0x56084705ed98
P 0x5608473b2328
C 388
R
P 0x56084705ed98
P 0x5608473b2608
C 426
R
P 0x56084705ed98
P 0x5608473af988
C 371
R
P 0x56084705ed98
P 0x560847360a68
C 371
R
P 0x56084705ed98
P 0x5608473afa78
C 388
R
P 0x56084705ed98
P 0x5608473affb8
C 426
R
P 0x56084705ed98
P 0x560847319868
C 371
R
P 0x56084705ed98
P 0x560847183408
C 371
R
P 0x56084705ed98
P 0x560847069468
C 10
R
P 0x56084705ed98
P 0x5608473b3b48
C 388
R
P 0x56084705ed98
P 0x5608473aafa8
C 426
R
P 0x56084705ed98
P 0x56084716c678
C 371
R
P 0x56084705ed98
P 0x56084716c768
C 371
R
P 0x56084705ed98
P 0x5608470694a8
C 10
R
P 0x56084705ed98
P 0x56084706a0e8
C 10
R
P 0x56084705ed98
P 0x5608470694a8
C 10
R
P 0x56084705ed98
P 0x56084706a108
C 10
R
P 0x56084705ed98
P 0x5608470694a8
C 10
R
P 0x56084705ed98
P 0x56084706a128
C 10
R
P 0x56084705ed98
P 0x56084706fb68
C 10
R
P 0x56084705ed98
P 0x5608470694a8
C 10
R
P 0x56084705ed98
P 0x56084706a148
C 10
R
P 0x56084705ed98
P 0x56084706fba0
C 10
R
P 0x56084705ed98
P 0x56084706fbd8
C 10
R
P 0x56084705ed98
P 0x5608473b7938
C 388
R
P 0x56084705ed98
P 0x5608471684b8
C 426
R
P 0x56084705ed98
P 0x5608473b3398
C 371
R
P 0x56084705ed98
P 0x560847069488
C 10
R
P 0x56084705ed98
P 0x56084706a1e8
C 10
R
P 0x56084705ed98
P 0x560847069488
C 10
R
P 0x56084705ed98
P 0x56084706a208
C 10
R
P 0x56084705ed98
P 0x5608473b3518
C 371
R
P 0x56084705ed98
P 0x56084706a228
C 10
R
P 0x56084705ed98
P 0x56084706fc10
C 10
R
P 0x56084705ed98
P 0x56084706a248
C 10
R
P 0x56084705ed98
P 0x56084706fc48
C 10
R
P 0x56084705ed98
P 0x56084706fc80
C 10
R
P 0x56084705ed98
P 0x56084706a248
C 10
R
P 0x56084705ed98
P 0x56084706fcb8
C 10
R
P 0x56084705ed98
P 0x5608470eec98
C 388
R
P 0x56084705ed98
P 0x56084739eb18
C 426
R
P 0x56084705ed98
P 0x5608473b7f28
C 371
R
P 0x56084705ed98
P 0x5608473531d8
C 371
R
P 0x56084705ed98
P 0x5608473b2528
C 388
R
P 0x56084705ed98
P 0x5608473af908
C 388
R
P 0x56084705ed98
P 0x5608473af938
C 388
R
P 0x56084705ed98
P 0x5608473b26d8
C 426
R
P 0x56084705ed98
P 0x5608473b7c98
C 371
R
P 0x56084705ed98
P 0x5608471686d8
C 371
R
P 0x56084705ed98
P 0x5608473aaf28
C 440
R
P 0x56084705ed98
P 0x5608473b7c38
C 371
R
P 0x56084705ed98
P 0x56084706b8e8
C 10
R
P 0x56084705ed98
P 0x56084706b978
C 10
R
P 0x56084705ed98
P 0x5608475cbfe8
C 319
R
P 0x56084705ed98
P 0x56084706a2e8
C 10
R
P 0x56084705ed98
P 0x56084706a308
C 10
R
P 0x56084705ed98
P 0x56084706a328
C 10
R
P 0x56084705ed98
P 0x560847069488
C 10
R
P 0x56084705ed98
P 0x56084706a348
C 10
R
P 0x56084705ed98
P 0x560847069488
C 10
R
P 0x56084705ed98
P 0x56084706a368
C 10
R
P 0x56084705ed98
P 0x560847069488
C 10
R
P 0x56084705ed98
P 0x56084706a388
C 10
R
P 0x56084705ed98
P 0x560847069488
C 10
R
P 0x56084705ed98
P 0x56084706a3a8
C 10
R
P 0x56084705ed98
P 0x5608470694a8
C 10
R
P 0x56084705ed98
P 0x5608470694a8
C 10
R
P 0x56084705ed98
P 0x56084706a3c8
C 10
R
P 0x56084705ed98
P 0x56084706a3c8
C 10
R
P 0x56084705ed98
P 0x56084706a3c8
C 10
R
P 0x56084705ed98
P 0x5608470694a8
C 10
R
P 0x56084705ed98
P 0x56084706a3e8
C 10
R
P 0x56084705ed98
P 0x5608470694a8
C 10
R
P 0x56084705ed98
P 0x56084706a408
C 10
R
P 0x56084705ed98
P 0x5608470694a8
C 10
R
P 0x56084705ed98
P 0x56084706a428
C 10
R
P 0x56084705ed98
P 0x5608470694a8
C 10
R
P 0x56084705ed98
P 0x56084706a448
C 10
R
P 0x56084705ed98
P 0x56084706fe08
C 10
R
P 0x56084705ed98
P 0x5608470694a8
C 10
R
P 0x56084705ed98
P 0x56084706a148
C 10
R
P 0x56084705ed98
P 0x56084706fe40
C 10
R
P 0x56084705ed98
P 0x56084706fe78
C 10
R
P 0x56084705ed98
P 0x5608470694a8
C 10
R
P 0x56084705ed98
P 0x56084706a148
C 10
R
P 0x56084705ed98
P 0x5608470694a8
C 10
R
P 0x56084705ed98
P 0x56084706a128
C 10
R
P 0x56084705ed98
P 0x56084706feb0
C 10
R
P 0x56084705ed98
P 0x56084706fee8
C 10
R
P 0x56084705ed98
P 0x56084706ff20
C 10
R
P 0x56084705ed98
P 0x5608470694a8
C 10
R
P 0x56084705ed98
P 0x56084706a448
C 10
R
P 0x56084705ed98
P 0x56084706ff58
C 10
R
P 0x56084705ed98
P 0x5608470694a8
C 10
R
P 0x56084705ed98
P 0x56084706a148
C 10
R
P 0x56084705ed98
P 0x56084706ff90
C 10
R
P 0x56084705ed98
P 0x56084706ffc8
C 10
R
P 0x56084705ed98
P 0x5608470694a8
C 10
R
P 0x56084705ed98
P 0x56084706a148
C 10
R
P 0x56084705ed98
P 0x5608470694a8
C 10
R
P 0x56084705ed98
P 0x56084706a128
C 10
R
P 0x56084705ed98
P 0x560847070000
C 10
R
P 0x56084705ed98
P 0x560847070038
C 10
R
P 0x56084705ed98
P 0x560847070070
C 10
R
P 0x56084705ed98
P 0x560847438da8
C 10
R
P 0x56084705ed98
P 0x560847438e28
C 10
R
P 0x56084705ed98
P 0x56084706a4a8
C 10
R
P 0x56084705ed98
P 0x56084706a4c8
C 10
R
P 0x56084705ed98
P 0x56084706a4e8
C 10
R
P 0x56084705ed98
P 0x56084706a508
C 10
R
P 0x56084705ed98
P 0x56084706a528
C 10
R
P 0x56084705ed98
P 0x56084706a548
C 10
R
P 0x56084705ed98
P 0x56084706a568
C 10
R
P 0x56084705ed98
P 0x56084706dc28
C 10
R
P 0x56084705ed98
P 0x560847070188
C 10
R
P 0x56084705ed98
P 0x5608470701c0
C 10
R
P 0x56084705ed98
P 0x5608470701f8
C 10
R
P 0x56084705ed98
P 0x56084706a588
C 10
R
P 0x56084705ed98
P 0x560847070230
C 10
R
P 0x56084705ed98
P 0x56084706bd08
C 10
R
P 0x56084705ed98
P 0x560847070268
C 10
R
P 0x56084705ed98
P 0x56084706bd38
C 10
R
P 0x56084705ed98
P 0x56084706bd68
C 10
R
P 0x56084705ed98
P 0x56084706bd98
C 10
R
P 0x56084705ed98
P 0x56084706bdc8
C 10
R
P 0x56084705ed98
P 0x56084706bdf8
C 10
R
P 0x56084705ed98
P 0x56084706be28
C 10
R
P 0x56084705ed98
P 0x56084706dce8
C 10
R
P 0x56084705ed98
P 0x560847070348
C 10
R
P 0x56084705ed98
P 0x5608475d5118
C 440
R
P 0x56084705ed98
P 0x560847069b68
C 10
R
P 0x56084705ed98
P 0x56084706a648
C 10
R
P 0x56084705ed98
P 0x560847069648
C 10
R
P 0x56084705ed98
P 0x56084706a6a8
C 10
R
P 0x56084705ed98
P 0x560847069508
C 10
R
P 0x56084705ed98
P 0x560847069e68
C 10
R
P 0x56084705ed98
P 0x56084706e4e8
C 10
R
P 0x56084705ed98
P 0x56084706a4a8
C 10
R
P 0x56084705ed98
P 0x560847069ce8
C 10
R
P 0x56084705ed98
P 0x56084706a688
C 10
R
P 0x56084705ed98
P 0x56084706c1e8
C 10
R
P 0x56084705ed98
P 0x56084706a4a8
C 10
R
P 0x56084705ed98
P 0x560847069488
C 10
R
P 0x56084705ed98
P 0x56084706a808
C 10
R
P 0x56084705ed98
P 0x5608470694a8
C 10
R
P 0x56084705ed98
P 0x56084706a148
C 10
R
P 0x56084705ed98
P 0x56084706a588
C 10
R
P 0x56084705ed98
P 0x56084706e4a8
C 10
R
P 0x56084705ed98
P 0x56084706a4a8
C 10
R
P 0x56084705ed98
P 0x560847069488
C 10
R
P 0x56084705ed98
P 0x56084706a6e8
C 10
R
P 0x56084705ed98
P 0x56084706a588
C 10
R
P 0x56084705ed98
P 0x560847070498
C 10
R
P 0x56084705ed98
P 0x5608470707e0
C 10
R
P 0x56084705ed98
P 0x5608478d03d0
C 10
R
P 0x56084705ed98
P 0x560847070658
C 10
R
P 0x56084705ed98
P 0x5608473a9578
C 10
R
P 0x56084705ed98
P 0x560847a94878
C 440
R
P 0x56084705ed98
C 8
